Change Component Designator: Old Designator=*? New Designator=*1
Change Component Designator: Old Designator=*? New Designator=*2
Change Component Designator: Old Designator=? New Designator=1
Change Component Designator: Old Designator=? New Designator=2
Change Component Designator: Old Designator=? New Designator=3
Change Component Designator: Old Designator=C? New Designator=C1
Change Component Designator: Old Designator=C? New Designator=C2
Change Component Designator: Old Designator=C? New Designator=C3
Change Component Designator: Old Designator=C? New Designator=C4
Change Component Designator: Old Designator=C? New Designator=C5
Change Component Designator: Old Designator=C? New Designator=C6
Change Component Designator: Old Designator=C? New Designator=C7
Change Component Designator: Old Designator=C? New Designator=C8
Change Component Designator: Old Designator=C? New Designator=C9
Change Component Designator: Old Designator=conn? New Designator=conn1
Change Component Designator: Old Designator=f? New Designator=f1
Change Component Designator: Old Designator=f? New Designator=f2
Change Component Designator: Old Designator=f? New Designator=f3
Change Component Designator: Old Designator=L? New Designator=L1
Change Component Designator: Old Designator=led_+? New Designator=led_+1
Change Component Designator: Old Designator=led_+? New Designator=led_+2
Change Component Designator: Old Designator=PP? New Designator=PP1
Change Component Designator: Old Designator=res_led_? New Designator=res_led_1
Change Component Designator: Old Designator=U? New Designator=U1
Change Component Designator: Old Designator=U? New Designator=U2
